<?xml version="1.0" encoding="UTF-8"?>
<testsuite name="org.nightschool.DiskControllerTest" tests="2" skipped="0" failures="0" errors="0" timestamp="2014-12-20T07:25:29" hostname="idea-PC" time="0.006">
  <properties/>
  <testcase name="test_list_disks_is_non_empty_after_add_a_disk" classname="org.nightschool.DiskControllerTest" time="0.006"/>
  <testcase name="test_list_disks_is_empty" classname="org.nightschool.DiskControllerTest" time="0.0"/>
  <system-out><![CDATA[]]></system-out>
  <system-err><![CDATA[]]></system-err>
</testsuite>
