<?xml version="1.0" encoding="UTF-8"?>
<testsuite name="org.nightschool.demo.CalculatorTest" tests="1" skipped="0" failures="0" errors="0" timestamp="2014-12-20T07:25:29" hostname="idea-PC" time="0.001">
  <properties/>
  <testcase name="should_one_plus_two_equal_three" classname="org.nightschool.demo.CalculatorTest" time="0.001"/>
  <system-out><![CDATA[]]></system-out>
  <system-err><![CDATA[]]></system-err>
</testsuite>
