<?xml version="1.0" encoding="UTF-8"?>
<testsuite name="org.nightschool.model.CartTest" tests="5" skipped="0" failures="0" errors="0" timestamp="2014-12-20T07:25:29" hostname="idea-PC" time="0.002">
  <properties/>
  <testcase name="should_be_able_to_count_kinks_of_disks" classname="org.nightschool.model.CartTest" time="0.0"/>
  <testcase name="should_be_able_to_get_disk_properties" classname="org.nightschool.model.CartTest" time="0.0"/>
  <testcase name="should_able_to_add_disk_to_cart" classname="org.nightschool.model.CartTest" time="0.0"/>
  <testcase name="should_be_able_to_remove_disk_from_cart" classname="org.nightschool.model.CartTest" time="0.0"/>
  <testcase name="should_be_empty_when_no_disk_added" classname="org.nightschool.model.CartTest" time="0.0"/>
  <system-out><![CDATA[]]></system-out>
  <system-err><![CDATA[]]></system-err>
</testsuite>
